This is pdfTeX, Version 3.1415926-1.40.10 (MiKTeX 2.8) (preloaded format=pdflatex 2010.2.24)  3 MAR 2010 16:23
entering extended mode
**resumos_pfc.tex

("C:\Documents and Settings\salviano\Meus documentos\salviano_pfc\resumos\resum
os_pfc.tex"
LaTeX2e <2009/09/24>
Babel <v3.8l> and hyphenation patterns for english, dumylang, nohyphenation, ge
rman, ngerman, german-x-2009-06-19, ngerman-x-2009-06-19, french, loaded.
("C:\Arquivos de programas\MiKTeX 2.8\tex\latex\base\article.cls"
Document Class: article 2007/10/19 v1.4h Standard LaTeX document class
("C:\Arquivos de programas\MiKTeX 2.8\tex\latex\base\size12.clo"
File: size12.clo 2007/10/19 v1.4h Standard LaTeX file (size option)
)
\c@part=\count79
\c@section=\count80
\c@subsection=\count81
\c@subsubsection=\count82
\c@paragraph=\count83
\c@subparagraph=\count84
\c@figure=\count85
\c@table=\count86
\abovecaptionskip=\skip41
\belowcaptionskip=\skip42
\bibindent=\dimen102
)
("C:\Arquivos de programas\MiKTeX 2.8\tex\latex\base\inputenc.sty"
Package: inputenc 2008/03/30 v1.1d Input encoding file
\inpenc@prehook=\toks14
\inpenc@posthook=\toks15

("C:\Arquivos de programas\MiKTeX 2.8\tex\latex\base\latin1.def"
File: latin1.def 2008/03/30 v1.1d Input encoding file
))
("C:\Documents and Settings\salviano\Meus documentos\salviano_pfc\resumos\resum
os_pfc.aux")
LaTeX Font Info:    Checking defaults for OML/cmm/m/it on input line 6.
LaTeX Font Info:    ... okay on input line 6.
LaTeX Font Info:    Checking defaults for T1/cmr/m/n on input line 6.
LaTeX Font Info:    ... okay on input line 6.
LaTeX Font Info:    Checking defaults for OT1/cmr/m/n on input line 6.
LaTeX Font Info:    ... okay on input line 6.
LaTeX Font Info:    Checking defaults for OMS/cmsy/m/n on input line 6.
LaTeX Font Info:    ... okay on input line 6.
LaTeX Font Info:    Checking defaults for OMX/cmex/m/n on input line 6.
LaTeX Font Info:    ... okay on input line 6.
LaTeX Font Info:    Checking defaults for U/cmr/m/n on input line 6.
LaTeX Font Info:    ... okay on input line 6.
LaTeX Font Info:    External font `cmex10' loaded for size
(Font)              <14.4> on input line 7.
LaTeX Font Info:    External font `cmex10' loaded for size
(Font)              <7> on input line 7.
 [1

{C:/Documents and Settings/salviano/Configurações locais/Dados de aplicativos/M
iKTeX/2.8/pdftex/config/pdftex.map}] [2]
("C:\Documents and Settings\salviano\Meus documentos\salviano_pfc\resumos\resum
os_pfc.aux") ) 
Here is how much of TeX's memory you used:
 263 strings out of 495285
 3642 string characters out of 3179631
 46927 words of memory out of 3000000
 3537 multiletter control sequences out of 15000+200000
 5756 words of font info for 21 fonts, out of 3000000 for 9000
 14 hyphenation exceptions out of 8191
 22i,7n,19p,172b,197s stack positions out of 5000i,500n,10000p,200000b,50000s
<C:/Arquivos de programas/MiKTeX 2.8/fonts/type1/public/amsfonts/
cm/cmbx12.pfb><C:/Arquivos de programas/MiKTeX 2.8/fonts/type1/public/amsfonts/
cm/cmr12.pfb><C:/Arquivos de programas/MiKTeX 2.8/fonts/type1/public/amsfonts/c
m/cmr17.pfb>
Output written on resumos_pfc.pdf (2 pages, 35972 bytes).
PDF statistics:
 21 PDF objects out of 1000 (max. 8388607)
 0 named destinations out of 1000 (max. 500000)
 1 words of extra memory for PDF output out of 10000 (max. 10000000)

